0 info it worked if it ends with ok
1 verbose cli [
1 verbose cli   'C:\\Program Files\\nodejs\\node.exe',
1 verbose cli   'C:\\Program Files\\nodejs\\node_modules\\npm\\bin\\npm-cli.js',
1 verbose cli   'start'
1 verbose cli ]
2 info using npm@6.14.15
3 info using node@v14.18.1
4 verbose stack Error: ENOENT: no such file or directory, open 'D:\Major project\server\package.json'
5 verbose cwd D:\Major project\server
6 verbose Windows_NT 10.0.22000
7 verbose argv "C:\\Program Files\\nodejs\\node.exe" "C:\\Program Files\\nodejs\\node_modules\\npm\\bin\\npm-cli.js" "start"
8 verbose node v14.18.1
9 verbose npm  v6.14.15
10 error code ENOENT
11 error syscall open
12 error path D:\Major project\server\package.json
13 error errno -4058
14 error enoent ENOENT: no such file or directory, open 'D:\Major project\server\package.json'
15 error enoent This is related to npm not being able to find a file.
16 verbose exit [ -4058, true ]
